<?xml version="1.0" encoding="UTF-8"?>
<testsuite xmlns:xsi="http://www.w3.org/2001/XMLSchema-instance" xsi:noNamespaceSchemaLocation="https://maven.apache.org/surefire/maven-surefire-plugin/xsd/surefire-test-report.xsd" name="com.viajes.viajes.ViajesApplicationTests" time="0.133" tests="1" errors="1" skipped="0" failures="0">
  <properties>
[...]
</properties>
  <testcase name="com.viajes.viajes.ViajesApplicationTests" classname="com.viajes.viajes.ViajesApplicationTests" time="0.132">
    <error message="Failed to read candidate component class: file [C:\Adrián\Universidad\Diseño y arquitectura de Software\viajes\viajes\target\test-classes\com\viajes\viajes\ViajesApplicationTests.class]; nested exception is org.springframework.core.NestedIOException: ASM ClassReader failed to parse class file - probably due to a new Java class file version that isn&apos;t supported yet: file [C:\Adrián\Universidad\Diseño y arquitectura de Software\viajes\viajes\target\test-classes\com\viajes\viajes\ViajesApplicationTests.class]; nested exception is java.lang.IllegalArgumentException: Unsupported class file major version 64" type="org.springframework.beans.factory.BeanDefinitionStoreException">org.springframework.beans.factory.BeanDefinitionStoreException: Failed to read candidate component class: file [C:\Adrián\Universidad\Diseño y arquitectura de Software\viajes\viajes\target\test-classes\com\viajes\viajes\ViajesApplicationTests.class]; nested exception is org.springframework.core.NestedIOException: ASM ClassReader failed to parse class file - probably due to a new Java class file version that isn't supported yet: file [C:\Adrián\Universidad\Diseño y arquitectura de Software\viajes\viajes\target\test-classes\com\viajes\viajes\ViajesApplicationTests.class]; nested exception is java.lang.IllegalArgumentException: Unsupported class file major version 64
Caused by: org.springframework.core.NestedIOException: ASM ClassReader failed to parse class file - probably due to a new Java class file version that isn't supported yet: file [C:\Adrián\Universidad\Diseño y arquitectura de Software\viajes\viajes\target\test-classes\com\viajes\viajes\ViajesApplicationTests.class]; nested exception is java.lang.IllegalArgumentException: Unsupported class file major version 64
Caused by: java.lang.IllegalArgumentException: Unsupported class file major version 64
</error>
    <system-out><![CDATA[12:51:00.369 [main] DEBUG org.springframework.test.context.BootstrapUtils - Instantiating CacheAwareContextLoaderDelegate from class [org.springframework.test.context.cache.DefaultCacheAwareContextLoaderDelegate]
12:51:00.376 [main] DEBUG org.springframework.test.context.BootstrapUtils - Instantiating BootstrapContext using constructor [public org.springframework.test.context.support.DefaultBootstrapContext(java.lang.Class,org.springframework.test.context.CacheAwareContextLoaderDelegate)]
12:51:00.399 [main] DEBUG org.springframework.test.context.BootstrapUtils - Instantiating TestContextBootstrapper for test class [com.viajes.viajes.ViajesApplicationTests] from class [org.springframework.boot.test.context.SpringBootTestContextBootstrapper]
12:51:00.408 [main] INFO org.springframework.boot.test.context.SpringBootTestContextBootstrapper - Neither @ContextConfiguration nor @ContextHierarchy found for test class [com.viajes.viajes.ViajesApplicationTests], using SpringBootContextLoader
12:51:00.410 [main] DEBUG org.springframework.test.context.support.AbstractContextLoader - Did not detect default resource location for test class [com.viajes.viajes.ViajesApplicationTests]: class path resource [com/viajes/viajes/ViajesApplicationTests-context.xml] does not exist
12:51:00.411 [main] DEBUG org.springframework.test.context.support.AbstractContextLoader - Did not detect default resource location for test class [com.viajes.viajes.ViajesApplicationTests]: class path resource [com/viajes/viajes/ViajesApplicationTestsContext.groovy] does not exist
12:51:00.411 [main] INFO org.springframework.test.context.support.AbstractContextLoader - Could not detect default resource locations for test class [com.viajes.viajes.ViajesApplicationTests]: no resource found for suffixes {-context.xml, Context.groovy}.
12:51:00.411 [main] INFO org.springframework.test.context.support.AnnotationConfigContextLoaderUtils - Could not detect default configuration classes for test class [com.viajes.viajes.ViajesApplicationTests]: ViajesApplicationTests does not declare any static, non-private, non-final, nested classes annotated with @Configuration.
12:51:00.439 [main] DEBUG org.springframework.test.context.support.ActiveProfilesUtils - Could not find an 'annotation declaring class' for annotation type [org.springframework.test.context.ActiveProfiles] and class [com.viajes.viajes.ViajesApplicationTests]
]]></system-out>
  </testcase>
</testsuite>